q:\c++\pong2\pong2\x64\release\pong2.pch.codeanalysis
q:\c++\pong2\pong2\x64\release\vc140.pdb
q:\c++\pong2\pong2\x64\release\pong2.pch.codeanalysisast
q:\c++\pong2\pong2\x64\release\stdafx.nativecodeanalysis.xml
q:\c++\pong2\pong2\x64\release\stdafx.obj
q:\c++\pong2\pong2\x64\release\pong2.nativecodeanalysis.xml
q:\c++\pong2\pong2\x64\release\pong2.obj
q:\c++\pong2\x64\release\pong2.exe
q:\c++\pong2\x64\release\pong2.ipdb
q:\c++\pong2\x64\release\pong2.iobj
q:\c++\pong2\x64\release\pong2.pdb
q:\c++\pong2\pong2\x64\release\nativecodeanalysis.read.1.tlog
q:\c++\pong2\pong2\x64\release\vc.nativecodeanalysis.all.xml
q:\c++\pong2\x64\release\pong2.exe.lastcodeanalysissucceeded
q:\c++\pong2\pong2\x64\release\pong2.tlog\cl.command.1.tlog
q:\c++\pong2\pong2\x64\release\pong2.tlog\cl.read.1.tlog
q:\c++\pong2\pong2\x64\release\pong2.tlog\cl.write.1.tlog
q:\c++\pong2\pong2\x64\release\pong2.tlog\link.command.1.tlog
q:\c++\pong2\pong2\x64\release\pong2.tlog\link.read.1.tlog
q:\c++\pong2\pong2\x64\release\pong2.tlog\link.write.1.tlog
